<?xml version="1.0" encoding="UTF-8"?>
<!-- Generated by org.testng.reporters.JUnitXMLReporter -->
<testsuite hostname="user-PC" ignored="0" name="Test" tests="19" failures="11" timestamp="01 May 2017 07:31:57 GMT" time="149.421" errors="0">
  <testcase name="chromeForm" time="9.3" classname="HWTestPack.SubmitForm"/>
  <testcase name="firefoxForm" time="8.853" classname="HWTestPack.SubmitForm"/>
  <testcase name="ieForm" time="3.248" classname="HWTestPack.SubmitForm">
    <failure type="org.openqa.selenium.NoSuchElementException" message="Unable to find element with xpath == //*[@id=&amp;apos;pageBody&amp;apos;]/section[5]/div[2]/h2 (WARNING: The server did not provide any stacktrace information)
Command duration or timeout: 351 milliseconds
For documentation on this error, please visit: http://seleniumhq.org/exceptions/no_such_element.html
Build info: version: &amp;apos;3.4.0&amp;apos;, revision: &amp;apos;unknown&amp;apos;, time: &amp;apos;unknown&amp;apos;
System info: host: &amp;apos;USER-PC&amp;apos;, ip: &amp;apos;192.168.0.43&amp;apos;, os.name: &amp;apos;Windows 7&amp;apos;, os.arch: &amp;apos;amd64&amp;apos;, os.version: &amp;apos;6.1&amp;apos;, java.version: &amp;apos;1.8.0_131&amp;apos;
Driver info: org.openqa.selenium.ie.InternetExplorerDriver
Capabilities [{se:ieOptions={browserAttachTimeout=0.0, ie.enableFullPageScreenshot=true, enablePersistentHover=true, ie.forceCreateProcessApi=false, ie.forceShellWindowsApi=false, ignoreZoomSetting=false, ie.fileUploadDialogTimeout=3000.0, ie.useLegacyFileUploadDialogHandling=false, nativeEvents=true, ie.ensureCleanSession=false, elementScrollBehavior=0.0, ie.browserCommandLineSwitches=, requireWindowFocus=false, initialBrowserUrl=http://localhost:16349/, ignoreProtectedModeSettings=false, enableElementCacheCleanup=true}, browserName=internet explorer, pageLoadStrategy=normal, javascriptEnabled=true, version=8, platform=WINDOWS, unexpectedAlertBehaviour=dismiss}]
Session ID: a962d50c-4b1a-4b31-8ac2-8882848f6245
*** Element info: {Using=xpath, value=//*[@id=&amp;apos;pageBody&amp;apos;]/section[5]/div[2]/h2}">
      <![CDATA[org.openqa.selenium.NoSuchElementException: Unable to find element with xpath == //*[@id='pageBody']/section[5]/div[2]/h2 (WARNING: The server did not provide any stacktrace information)
Command duration or timeout: 351 milliseconds
For documentation on this error, please visit: http://seleniumhq.org/exceptions/no_such_element.html
Build info: version: '3.4.0', revision: 'unknown', time: 'unknown'
System info: host: 'USER-PC', ip: '192.168.0.43', os.name: 'Windows 7', os.arch: 'amd64', os.version: '6.1', java.version: '1.8.0_131'
Driver info: org.openqa.selenium.ie.InternetExplorerDriver
Capabilities [{se:ieOptions={browserAttachTimeout=0.0, ie.enableFullPageScreenshot=true, enablePersistentHover=true, ie.forceCreateProcessApi=false, ie.forceShellWindowsApi=false, ignoreZoomSetting=false, ie.fileUploadDialogTimeout=3000.0, ie.useLegacyFileUploadDialogHandling=false, nativeEvents=true, ie.ensureCleanSession=false, elementScrollBehavior=0.0, ie.browserCommandLineSwitches=, requireWindowFocus=false, initialBrowserUrl=http://localhost:16349/, ignoreProtectedModeSettings=false, enableElementCacheCleanup=true}, browserName=internet explorer, pageLoadStrategy=normal, javascriptEnabled=true, version=8, platform=WINDOWS, unexpectedAlertBehaviour=dismiss}]
Session ID: a962d50c-4b1a-4b31-8ac2-8882848f6245
*** Element info: {Using=xpath, value=//*[@id='pageBody']/section[5]/div[2]/h2}
	at org.openqa.selenium.remote.ErrorHandler.createThrowable(ErrorHandler.java:215)
	at org.openqa.selenium.remote.ErrorHandler.throwIfResponseFailed(ErrorHandler.java:167)
	at org.openqa.selenium.remote.RemoteWebDriver.execute(RemoteWebDriver.java:671)
	at org.openqa.selenium.remote.RemoteWebDriver.findElement(RemoteWebDriver.java:410)
	at org.openqa.selenium.remote.RemoteWebDriver.findElementByXPath(RemoteWebDriver.java:509)
	at org.openqa.selenium.By$ByXPath.findElement(By.java:361)
	at org.openqa.selenium.remote.RemoteWebDriver.findElement(RemoteWebDriver.java:402)
	at HWTestPack.SubmitForm.ieForm(SubmitForm.java:115)
... Removed 29 stack frames]]>
    </failure>
  </testcase> <!-- ieForm -->
  <testcase name="multipleRadioSelect" time="7.946" classname="HWTestPack.SubmitForm">
    <failure type="java.lang.AssertionError" message="Multiple radio buttons are enabled to be selected">
      <![CDATA[java.lang.AssertionError: Multiple radio buttons are enabled to be selected
	at HWTestPack.SubmitForm.multipleRadioSelect(SubmitForm.java:204)
... Removed 26 stack frames]]>
    </failure>
  </testcase> <!-- multipleRadioSelect -->
  <testcase name="nullValues" time="6.992" classname="HWTestPack.SubmitForm">
    <failure type="java.lang.AssertionError" message="expected [Please enter your last name] but found [Please enter your phone number]">
      <![CDATA[java.lang.AssertionError: expected [Please enter your last name] but found [Please enter your phone number]
	at HWTestPack.SubmitForm.nullValues(SubmitForm.java:165)
... Removed 31 stack frames]]>
    </failure>
  </testcase> <!-- nullValues -->
  <testcase name="chromeSpecialCharacters" time="9.438" classname="HWTestPack.SubmitFormSpecialCharacters"/>
  <testcase name="firefoxSpecialCharacters" time="8.538" classname="HWTestPack.SubmitFormSpecialCharacters"/>
  <testcase name="ieSpecialCharacters" time="2.726" classname="HWTestPack.SubmitFormSpecialCharacters">
    <failure type="org.openqa.selenium.NoSuchElementException" message="Unable to find element with xpath == //*[@id=&amp;apos;pageBody&amp;apos;]/section[5]/div[2]/h2 (WARNING: The server did not provide any stacktrace information)
Command duration or timeout: 298 milliseconds
For documentation on this error, please visit: http://seleniumhq.org/exceptions/no_such_element.html
Build info: version: &amp;apos;3.4.0&amp;apos;, revision: &amp;apos;unknown&amp;apos;, time: &amp;apos;unknown&amp;apos;
System info: host: &amp;apos;USER-PC&amp;apos;, ip: &amp;apos;192.168.0.43&amp;apos;, os.name: &amp;apos;Windows 7&amp;apos;, os.arch: &amp;apos;amd64&amp;apos;, os.version: &amp;apos;6.1&amp;apos;, java.version: &amp;apos;1.8.0_131&amp;apos;
Driver info: org.openqa.selenium.ie.InternetExplorerDriver
Capabilities [{se:ieOptions={browserAttachTimeout=0.0, ie.enableFullPageScreenshot=true, enablePersistentHover=true, ie.forceCreateProcessApi=false, ie.forceShellWindowsApi=false, ignoreZoomSetting=false, ie.fileUploadDialogTimeout=3000.0, ie.useLegacyFileUploadDialogHandling=false, nativeEvents=true, ie.ensureCleanSession=false, elementScrollBehavior=0.0, ie.browserCommandLineSwitches=, requireWindowFocus=false, initialBrowserUrl=http://localhost:33578/, ignoreProtectedModeSettings=false, enableElementCacheCleanup=true}, browserName=internet explorer, pageLoadStrategy=normal, javascriptEnabled=true, version=8, platform=WINDOWS, unexpectedAlertBehaviour=dismiss}]
Session ID: fe6568ab-cc84-485d-b273-9a51a31c21c7
*** Element info: {Using=xpath, value=//*[@id=&amp;apos;pageBody&amp;apos;]/section[5]/div[2]/h2}">
      <![CDATA[org.openqa.selenium.NoSuchElementException: Unable to find element with xpath == //*[@id='pageBody']/section[5]/div[2]/h2 (WARNING: The server did not provide any stacktrace information)
Command duration or timeout: 298 milliseconds
For documentation on this error, please visit: http://seleniumhq.org/exceptions/no_such_element.html
Build info: version: '3.4.0', revision: 'unknown', time: 'unknown'
System info: host: 'USER-PC', ip: '192.168.0.43', os.name: 'Windows 7', os.arch: 'amd64', os.version: '6.1', java.version: '1.8.0_131'
Driver info: org.openqa.selenium.ie.InternetExplorerDriver
Capabilities [{se:ieOptions={browserAttachTimeout=0.0, ie.enableFullPageScreenshot=true, enablePersistentHover=true, ie.forceCreateProcessApi=false, ie.forceShellWindowsApi=false, ignoreZoomSetting=false, ie.fileUploadDialogTimeout=3000.0, ie.useLegacyFileUploadDialogHandling=false, nativeEvents=true, ie.ensureCleanSession=false, elementScrollBehavior=0.0, ie.browserCommandLineSwitches=, requireWindowFocus=false, initialBrowserUrl=http://localhost:33578/, ignoreProtectedModeSettings=false, enableElementCacheCleanup=true}, browserName=internet explorer, pageLoadStrategy=normal, javascriptEnabled=true, version=8, platform=WINDOWS, unexpectedAlertBehaviour=dismiss}]
Session ID: fe6568ab-cc84-485d-b273-9a51a31c21c7
*** Element info: {Using=xpath, value=//*[@id='pageBody']/section[5]/div[2]/h2}
	at org.openqa.selenium.remote.ErrorHandler.createThrowable(ErrorHandler.java:215)
	at org.openqa.selenium.remote.ErrorHandler.throwIfResponseFailed(ErrorHandler.java:167)
	at org.openqa.selenium.remote.RemoteWebDriver.execute(RemoteWebDriver.java:671)
	at org.openqa.selenium.remote.RemoteWebDriver.findElement(RemoteWebDriver.java:410)
	at org.openqa.selenium.remote.RemoteWebDriver.findElementByXPath(RemoteWebDriver.java:509)
	at org.openqa.selenium.By$ByXPath.findElement(By.java:361)
	at org.openqa.selenium.remote.RemoteWebDriver.findElement(RemoteWebDriver.java:402)
	at HWTestPack.SubmitFormSpecialCharacters.ieSpecialCharacters(SubmitFormSpecialCharacters.java:114)
... Removed 29 stack frames]]>
    </failure>
  </testcase> <!-- ieSpecialCharacters -->
  <testcase name="chromeLabels" time="6.688" classname="HWTestPack.CheckLabels"/>
  <testcase name="firefoxLabels" time="6.801" classname="HWTestPack.CheckLabels"/>
  <testcase name="ieLabels" time="2.72" classname="HWTestPack.CheckLabels">
    <failure type="org.openqa.selenium.NoSuchElementException" message="Unable to find element with xpath == //*[@id=&amp;apos;pageBody&amp;apos;]/section[5]/div[2]/h2 (WARNING: The server did not provide any stacktrace information)
Command duration or timeout: 302 milliseconds
For documentation on this error, please visit: http://seleniumhq.org/exceptions/no_such_element.html
Build info: version: &amp;apos;3.4.0&amp;apos;, revision: &amp;apos;unknown&amp;apos;, time: &amp;apos;unknown&amp;apos;
System info: host: &amp;apos;USER-PC&amp;apos;, ip: &amp;apos;192.168.0.43&amp;apos;, os.name: &amp;apos;Windows 7&amp;apos;, os.arch: &amp;apos;amd64&amp;apos;, os.version: &amp;apos;6.1&amp;apos;, java.version: &amp;apos;1.8.0_131&amp;apos;
Driver info: org.openqa.selenium.ie.InternetExplorerDriver
Capabilities [{se:ieOptions={browserAttachTimeout=0.0, ie.enableFullPageScreenshot=true, enablePersistentHover=true, ie.forceCreateProcessApi=false, ie.forceShellWindowsApi=false, ignoreZoomSetting=false, ie.fileUploadDialogTimeout=3000.0, ie.useLegacyFileUploadDialogHandling=false, nativeEvents=true, ie.ensureCleanSession=false, elementScrollBehavior=0.0, ie.browserCommandLineSwitches=, requireWindowFocus=false, initialBrowserUrl=http://localhost:24239/, ignoreProtectedModeSettings=false, enableElementCacheCleanup=true}, browserName=internet explorer, pageLoadStrategy=normal, javascriptEnabled=true, version=8, platform=WINDOWS, unexpectedAlertBehaviour=dismiss}]
Session ID: 69293ad7-08d2-4ffc-8d55-fe2d84265b97
*** Element info: {Using=xpath, value=//*[@id=&amp;apos;pageBody&amp;apos;]/section[5]/div[2]/h2}">
      <![CDATA[org.openqa.selenium.NoSuchElementException: Unable to find element with xpath == //*[@id='pageBody']/section[5]/div[2]/h2 (WARNING: The server did not provide any stacktrace information)
Command duration or timeout: 302 milliseconds
For documentation on this error, please visit: http://seleniumhq.org/exceptions/no_such_element.html
Build info: version: '3.4.0', revision: 'unknown', time: 'unknown'
System info: host: 'USER-PC', ip: '192.168.0.43', os.name: 'Windows 7', os.arch: 'amd64', os.version: '6.1', java.version: '1.8.0_131'
Driver info: org.openqa.selenium.ie.InternetExplorerDriver
Capabilities [{se:ieOptions={browserAttachTimeout=0.0, ie.enableFullPageScreenshot=true, enablePersistentHover=true, ie.forceCreateProcessApi=false, ie.forceShellWindowsApi=false, ignoreZoomSetting=false, ie.fileUploadDialogTimeout=3000.0, ie.useLegacyFileUploadDialogHandling=false, nativeEvents=true, ie.ensureCleanSession=false, elementScrollBehavior=0.0, ie.browserCommandLineSwitches=, requireWindowFocus=false, initialBrowserUrl=http://localhost:24239/, ignoreProtectedModeSettings=false, enableElementCacheCleanup=true}, browserName=internet explorer, pageLoadStrategy=normal, javascriptEnabled=true, version=8, platform=WINDOWS, unexpectedAlertBehaviour=dismiss}]
Session ID: 69293ad7-08d2-4ffc-8d55-fe2d84265b97
*** Element info: {Using=xpath, value=//*[@id='pageBody']/section[5]/div[2]/h2}
	at org.openqa.selenium.remote.ErrorHandler.createThrowable(ErrorHandler.java:215)
	at org.openqa.selenium.remote.ErrorHandler.throwIfResponseFailed(ErrorHandler.java:167)
	at org.openqa.selenium.remote.RemoteWebDriver.execute(RemoteWebDriver.java:671)
	at org.openqa.selenium.remote.RemoteWebDriver.findElement(RemoteWebDriver.java:410)
	at org.openqa.selenium.remote.RemoteWebDriver.findElementByXPath(RemoteWebDriver.java:509)
	at org.openqa.selenium.By$ByXPath.findElement(By.java:361)
	at org.openqa.selenium.remote.RemoteWebDriver.findElement(RemoteWebDriver.java:402)
	at HWTestPack.CheckLabels.ieLabels(CheckLabels.java:103)
... Removed 29 stack frames]]>
    </failure>
  </testcase> <!-- ieLabels -->
  <testcase name="confirmEmailCheck" time="7.95" classname="HWTestPack.EmailChecks">
    <failure type="java.lang.AssertionError" message="Email and Confirm Email are not same">
      <![CDATA[java.lang.AssertionError: Email and Confirm Email are not same
	at HWTestPack.EmailChecks.confirmEmailCheck(EmailChecks.java:95)
... Removed 26 stack frames]]>
    </failure>
  </testcase> <!-- confirmEmailCheck -->
  <testcase name="invalidEmail" time="7.809" classname="HWTestPack.EmailChecks">
    <failure type="java.lang.AssertionError" message="Form Submitted with invalid email Id">
      <![CDATA[java.lang.AssertionError: Form Submitted with invalid email Id
	at HWTestPack.EmailChecks.invalidEmail(EmailChecks.java:56)
... Removed 26 stack frames]]>
    </failure>
  </testcase> <!-- invalidEmail -->
  <testcase name="validateInvalidLinksChrome" time="8.259" classname="HWTestPack.BrokenLinks">
    <failure type="java.lang.AssertionError" message="Invalid Links Found - Failing test">
      <![CDATA[java.lang.AssertionError: Invalid Links Found - Failing test
	at HWTestPack.BrokenLinks.validateInvalidLinksChrome(BrokenLinks.java:124)
... Removed 26 stack frames]]>
    </failure>
  </testcase> <!-- validateInvalidLinksChrome -->
  <testcase name="validateInvalidLinksFF" time="11.589" classname="HWTestPack.BrokenLinks">
    <failure type="java.lang.AssertionError" message="Invalid Links Found - Failing test">
      <![CDATA[java.lang.AssertionError: Invalid Links Found - Failing test
	at HWTestPack.BrokenLinks.validateInvalidLinksFF(BrokenLinks.java:92)
... Removed 26 stack frames]]>
    </failure>
  </testcase> <!-- validateInvalidLinksFF -->
  <testcase name="validateInvalidLinksIE" time="6.179" classname="HWTestPack.BrokenLinks">
    <failure type="java.lang.AssertionError" message="Invalid Links Found - Failing test">
      <![CDATA[java.lang.AssertionError: Invalid Links Found - Failing test
	at HWTestPack.BrokenLinks.validateInvalidLinksIE(BrokenLinks.java:60)
... Removed 26 stack frames]]>
    </failure>
  </testcase> <!-- validateInvalidLinksIE -->
  <testcase name="phoneNineteenDigits" time="7.721" classname="HWTestPack.BVA"/>
  <testcase name="phoneTwentyDigits" time="7.891" classname="HWTestPack.BVA"/>
  <testcase name="phoneTwentyOneDigits" time="7.902" classname="HWTestPack.BVA">
    <failure type="java.lang.AssertionError" message="Form Submitted with invalid email Id">
      <![CDATA[java.lang.AssertionError: Form Submitted with invalid email Id
	at HWTestPack.BVA.phoneTwentyOneDigits(BVA.java:107)
... Removed 26 stack frames]]>
    </failure>
  </testcase> <!-- phoneTwentyOneDigits -->
</testsuite> <!-- Test -->
