<!DOCTYPE html PUBLIC "-//W3C//DTD XHTML 1.1//EN" "http://www.w3.org/TR/xhtml11/DTD/xhtml11.dtd">
<html xmlns="http://www.w3.org/1999/xhtml"><head><title>TestNG Report</title><style type="text/css">table {margin-bottom:10px;border-collapse:collapse;empty-cells:show}th,td {border:1px solid #009;padding:.25em .5em}th {vertical-align:bottom}td {vertical-align:top}table a {font-weight:bold}.stripe td {background-color: #E6EBF9}.num {text-align:right}.passedodd td {background-color: #3F3}.passedeven td {background-color: #0A0}.skippedodd td {background-color: #DDD}.skippedeven td {background-color: #CCC}.failedodd td,.attn {background-color: #F33}.failedeven td,.stripe .attn {background-color: #D00}.stacktrace {white-space:pre;font-family:monospace}.totop {font-size:85%;text-align:center;border-bottom:2px solid #000}</style></head><body><table><tr><th>Test</th><th># Passed</th><th># Skipped</th><th># Failed</th><th>Time (ms)</th><th>Included Groups</th><th>Excluded Groups</th></tr><tr><th colspan="7">Suite</th></tr><tr><td><a href="#t0">Test</a></td><td class="num">8</td><td class="num">0</td><td class="num attn">11</td><td class="num">149,421</td><td></td><td></td></tr></table><table id='summary'><thead><tr><th>Class</th><th>Method</th><th>Start</th><th>Time (ms)</th></tr></thead><tbody><tr><th colspan="4">Suite</th></tr></tbody><tbody id="t0"><tr><th colspan="4">Test &#8212; failed</th></tr><tr class="failedeven"><td rowspan="1">HWTestPack.BVA</td><td><a href="#m0">phoneTwentyOneDigits</a></td><td rowspan="1">1493623908694</td><td rowspan="1">7902</td></tr><tr class="failedodd"><td rowspan="3">HWTestPack.BrokenLinks</td><td><a href="#m1">validateInvalidLinksChrome</a></td><td rowspan="1">1493623864186</td><td rowspan="1">8259</td></tr><tr class="failedodd"><td><a href="#m2">validateInvalidLinksFF</a></td><td rowspan="1">1493623873133</td><td rowspan="1">11589</td></tr><tr class="failedodd"><td><a href="#m3">validateInvalidLinksIE</a></td><td rowspan="1">1493623884949</td><td rowspan="1">6179</td></tr><tr class="failedeven"><td rowspan="1">HWTestPack.CheckLabels</td><td><a href="#m4">ieLabels</a></td><td rowspan="1">1493623843718</td><td rowspan="1">2720</td></tr><tr class="failedodd"><td rowspan="2">HWTestPack.EmailChecks</td><td><a href="#m5">confirmEmailCheck</a></td><td rowspan="1">1493623847118</td><td rowspan="1">7950</td></tr><tr class="failedodd"><td><a href="#m6">invalidEmail</a></td><td rowspan="1">1493623855728</td><td rowspan="1">7809</td></tr><tr class="failedeven"><td rowspan="3">HWTestPack.SubmitForm</td><td><a href="#m7">ieForm</a></td><td rowspan="1">1493623787051</td><td rowspan="1">3248</td></tr><tr class="failedeven"><td><a href="#m8">multipleRadioSelect</a></td><td rowspan="1">1493623790950</td><td rowspan="1">7946</td></tr><tr class="failedeven"><td><a href="#m9">nullValues</a></td><td rowspan="1">1493623799543</td><td rowspan="1">6992</td></tr><tr class="failedodd"><td rowspan="1">HWTestPack.SubmitFormSpecialCharacters</td><td><a href="#m10">ieSpecialCharacters</a></td><td rowspan="1">1493623826011</td><td rowspan="1">2726</td></tr><tr><th colspan="4">Test &#8212; passed</th></tr><tr class="passedeven"><td rowspan="2">HWTestPack.BVA</td><td><a href="#m11">phoneNineteenDigits</a></td><td rowspan="1">1493623891759</td><td rowspan="1">7721</td></tr><tr class="passedeven"><td><a href="#m12">phoneTwentyDigits</a></td><td rowspan="1">1493623900126</td><td rowspan="1">7891</td></tr><tr class="passedodd"><td rowspan="2">HWTestPack.CheckLabels</td><td><a href="#m13">chromeLabels</a></td><td rowspan="1">1493623829391</td><td rowspan="1">6688</td></tr><tr class="passedodd"><td><a href="#m14">firefoxLabels</a></td><td rowspan="1">1493623836728</td><td rowspan="1">6801</td></tr><tr class="passedeven"><td rowspan="2">HWTestPack.SubmitForm</td><td><a href="#m15">chromeForm</a></td><td rowspan="1">1493623767840</td><td rowspan="1">9300</td></tr><tr class="passedeven"><td><a href="#m16">firefoxForm</a></td><td rowspan="1">1493623777969</td><td rowspan="1">8853</td></tr><tr class="passedodd"><td rowspan="2">HWTestPack.SubmitFormSpecialCharacters</td><td><a href="#m17">chromeSpecialCharacters</a></td><td rowspan="1">1493623807183</td><td rowspan="1">9438</td></tr><tr class="passedodd"><td><a href="#m18">firefoxSpecialCharacters</a></td><td rowspan="1">1493623817270</td><td rowspan="1">8538</td></tr></tbody></table><h2>Test</h2><h3 id="m0">HWTestPack.BVA#phoneTwentyOneDigits</h3><table class="result"><tr><th>Exception</th></tr><tr><td><div class="stacktrace">java.lang.AssertionError: Form Submitted with invalid email Id
	at HWTestPack.BVA.phoneTwentyOneDigits(BVA.java:107)
... Removed 26 stack frames</div></td></tr></table><p class="totop"><a href="#summary">back to summary</a></p><h3 id="m1">HWTestPack.BrokenLinks#validateInvalidLinksChrome</h3><table class="result"><tr><th>Exception</th></tr><tr><td><div class="stacktrace">java.lang.AssertionError: Invalid Links Found - Failing test
	at HWTestPack.BrokenLinks.validateInvalidLinksChrome(BrokenLinks.java:124)
... Removed 26 stack frames</div></td></tr></table><p class="totop"><a href="#summary">back to summary</a></p><h3 id="m2">HWTestPack.BrokenLinks#validateInvalidLinksFF</h3><table class="result"><tr><th>Exception</th></tr><tr><td><div class="stacktrace">java.lang.AssertionError: Invalid Links Found - Failing test
	at HWTestPack.BrokenLinks.validateInvalidLinksFF(BrokenLinks.java:92)
... Removed 26 stack frames</div></td></tr></table><p class="totop"><a href="#summary">back to summary</a></p><h3 id="m3">HWTestPack.BrokenLinks#validateInvalidLinksIE</h3><table class="result"><tr><th>Exception</th></tr><tr><td><div class="stacktrace">java.lang.AssertionError: Invalid Links Found - Failing test
	at HWTestPack.BrokenLinks.validateInvalidLinksIE(BrokenLinks.java:60)
... Removed 26 stack frames</div></td></tr></table><p class="totop"><a href="#summary">back to summary</a></p><h3 id="m4">HWTestPack.CheckLabels#ieLabels</h3><table class="result"><tr><th>Exception</th></tr><tr><td><div class="stacktrace">org.openqa.selenium.NoSuchElementException: Unable to find element with xpath == //*[@id=&apos;pageBody&apos;]/section[5]/div[2]/h2 (WARNING: The server did not provide any stacktrace information)
Command duration or timeout: 302 milliseconds
For documentation on this error, please visit: http://seleniumhq.org/exceptions/no_such_element.html
Build info: version: &apos;3.4.0&apos;, revision: &apos;unknown&apos;, time: &apos;unknown&apos;
System info: host: &apos;USER-PC&apos;, ip: &apos;192.168.0.43&apos;, os.name: &apos;Windows 7&apos;, os.arch: &apos;amd64&apos;, os.version: &apos;6.1&apos;, java.version: &apos;1.8.0_131&apos;
Driver info: org.openqa.selenium.ie.InternetExplorerDriver
Capabilities [{se:ieOptions={browserAttachTimeout=0.0, ie.enableFullPageScreenshot=true, enablePersistentHover=true, ie.forceCreateProcessApi=false, ie.forceShellWindowsApi=false, ignoreZoomSetting=false, ie.fileUploadDialogTimeout=3000.0, ie.useLegacyFileUploadDialogHandling=false, nativeEvents=true, ie.ensureCleanSession=false, elementScrollBehavior=0.0, ie.browserCommandLineSwitches=, requireWindowFocus=false, initialBrowserUrl=http://localhost:24239/, ignoreProtectedModeSettings=false, enableElementCacheCleanup=true}, browserName=internet explorer, pageLoadStrategy=normal, javascriptEnabled=true, version=8, platform=WINDOWS, unexpectedAlertBehaviour=dismiss}]
Session ID: 69293ad7-08d2-4ffc-8d55-fe2d84265b97
*** Element info: {Using=xpath, value=//*[@id=&apos;pageBody&apos;]/section[5]/div[2]/h2}
	at org.openqa.selenium.remote.ErrorHandler.createThrowable(ErrorHandler.java:215)
	at org.openqa.selenium.remote.ErrorHandler.throwIfResponseFailed(ErrorHandler.java:167)
	at org.openqa.selenium.remote.RemoteWebDriver.execute(RemoteWebDriver.java:671)
	at org.openqa.selenium.remote.RemoteWebDriver.findElement(RemoteWebDriver.java:410)
	at org.openqa.selenium.remote.RemoteWebDriver.findElementByXPath(RemoteWebDriver.java:509)
	at org.openqa.selenium.By$ByXPath.findElement(By.java:361)
	at org.openqa.selenium.remote.RemoteWebDriver.findElement(RemoteWebDriver.java:402)
	at HWTestPack.CheckLabels.ieLabels(CheckLabels.java:103)
... Removed 29 stack frames</div></td></tr></table><p class="totop"><a href="#summary">back to summary</a></p><h3 id="m5">HWTestPack.EmailChecks#confirmEmailCheck</h3><table class="result"><tr><th>Exception</th></tr><tr><td><div class="stacktrace">java.lang.AssertionError: Email and Confirm Email are not same
	at HWTestPack.EmailChecks.confirmEmailCheck(EmailChecks.java:95)
... Removed 26 stack frames</div></td></tr></table><p class="totop"><a href="#summary">back to summary</a></p><h3 id="m6">HWTestPack.EmailChecks#invalidEmail</h3><table class="result"><tr><th>Exception</th></tr><tr><td><div class="stacktrace">java.lang.AssertionError: Form Submitted with invalid email Id
	at HWTestPack.EmailChecks.invalidEmail(EmailChecks.java:56)
... Removed 26 stack frames</div></td></tr></table><p class="totop"><a href="#summary">back to summary</a></p><h3 id="m7">HWTestPack.SubmitForm#ieForm</h3><table class="result"><tr><th>Exception</th></tr><tr><td><div class="stacktrace">org.openqa.selenium.NoSuchElementException: Unable to find element with xpath == //*[@id=&apos;pageBody&apos;]/section[5]/div[2]/h2 (WARNING: The server did not provide any stacktrace information)
Command duration or timeout: 351 milliseconds
For documentation on this error, please visit: http://seleniumhq.org/exceptions/no_such_element.html
Build info: version: &apos;3.4.0&apos;, revision: &apos;unknown&apos;, time: &apos;unknown&apos;
System info: host: &apos;USER-PC&apos;, ip: &apos;192.168.0.43&apos;, os.name: &apos;Windows 7&apos;, os.arch: &apos;amd64&apos;, os.version: &apos;6.1&apos;, java.version: &apos;1.8.0_131&apos;
Driver info: org.openqa.selenium.ie.InternetExplorerDriver
Capabilities [{se:ieOptions={browserAttachTimeout=0.0, ie.enableFullPageScreenshot=true, enablePersistentHover=true, ie.forceCreateProcessApi=false, ie.forceShellWindowsApi=false, ignoreZoomSetting=false, ie.fileUploadDialogTimeout=3000.0, ie.useLegacyFileUploadDialogHandling=false, nativeEvents=true, ie.ensureCleanSession=false, elementScrollBehavior=0.0, ie.browserCommandLineSwitches=, requireWindowFocus=false, initialBrowserUrl=http://localhost:16349/, ignoreProtectedModeSettings=false, enableElementCacheCleanup=true}, browserName=internet explorer, pageLoadStrategy=normal, javascriptEnabled=true, version=8, platform=WINDOWS, unexpectedAlertBehaviour=dismiss}]
Session ID: a962d50c-4b1a-4b31-8ac2-8882848f6245
*** Element info: {Using=xpath, value=//*[@id=&apos;pageBody&apos;]/section[5]/div[2]/h2}
	at org.openqa.selenium.remote.ErrorHandler.createThrowable(ErrorHandler.java:215)
	at org.openqa.selenium.remote.ErrorHandler.throwIfResponseFailed(ErrorHandler.java:167)
	at org.openqa.selenium.remote.RemoteWebDriver.execute(RemoteWebDriver.java:671)
	at org.openqa.selenium.remote.RemoteWebDriver.findElement(RemoteWebDriver.java:410)
	at org.openqa.selenium.remote.RemoteWebDriver.findElementByXPath(RemoteWebDriver.java:509)
	at org.openqa.selenium.By$ByXPath.findElement(By.java:361)
	at org.openqa.selenium.remote.RemoteWebDriver.findElement(RemoteWebDriver.java:402)
	at HWTestPack.SubmitForm.ieForm(SubmitForm.java:115)
... Removed 29 stack frames</div></td></tr></table><p class="totop"><a href="#summary">back to summary</a></p><h3 id="m8">HWTestPack.SubmitForm#multipleRadioSelect</h3><table class="result"><tr><th>Exception</th></tr><tr><td><div class="stacktrace">java.lang.AssertionError: Multiple radio buttons are enabled to be selected
	at HWTestPack.SubmitForm.multipleRadioSelect(SubmitForm.java:204)
... Removed 26 stack frames</div></td></tr></table><p class="totop"><a href="#summary">back to summary</a></p><h3 id="m9">HWTestPack.SubmitForm#nullValues</h3><table class="result"><tr><th>Exception</th></tr><tr><td><div class="stacktrace">java.lang.AssertionError: expected [Please enter your last name] but found [Please enter your phone number]
	at HWTestPack.SubmitForm.nullValues(SubmitForm.java:165)
... Removed 31 stack frames</div></td></tr></table><p class="totop"><a href="#summary">back to summary</a></p><h3 id="m10">HWTestPack.SubmitFormSpecialCharacters#ieSpecialCharacters</h3><table class="result"><tr><th>Exception</th></tr><tr><td><div class="stacktrace">org.openqa.selenium.NoSuchElementException: Unable to find element with xpath == //*[@id=&apos;pageBody&apos;]/section[5]/div[2]/h2 (WARNING: The server did not provide any stacktrace information)
Command duration or timeout: 298 milliseconds
For documentation on this error, please visit: http://seleniumhq.org/exceptions/no_such_element.html
Build info: version: &apos;3.4.0&apos;, revision: &apos;unknown&apos;, time: &apos;unknown&apos;
System info: host: &apos;USER-PC&apos;, ip: &apos;192.168.0.43&apos;, os.name: &apos;Windows 7&apos;, os.arch: &apos;amd64&apos;, os.version: &apos;6.1&apos;, java.version: &apos;1.8.0_131&apos;
Driver info: org.openqa.selenium.ie.InternetExplorerDriver
Capabilities [{se:ieOptions={browserAttachTimeout=0.0, ie.enableFullPageScreenshot=true, enablePersistentHover=true, ie.forceCreateProcessApi=false, ie.forceShellWindowsApi=false, ignoreZoomSetting=false, ie.fileUploadDialogTimeout=3000.0, ie.useLegacyFileUploadDialogHandling=false, nativeEvents=true, ie.ensureCleanSession=false, elementScrollBehavior=0.0, ie.browserCommandLineSwitches=, requireWindowFocus=false, initialBrowserUrl=http://localhost:33578/, ignoreProtectedModeSettings=false, enableElementCacheCleanup=true}, browserName=internet explorer, pageLoadStrategy=normal, javascriptEnabled=true, version=8, platform=WINDOWS, unexpectedAlertBehaviour=dismiss}]
Session ID: fe6568ab-cc84-485d-b273-9a51a31c21c7
*** Element info: {Using=xpath, value=//*[@id=&apos;pageBody&apos;]/section[5]/div[2]/h2}
	at org.openqa.selenium.remote.ErrorHandler.createThrowable(ErrorHandler.java:215)
	at org.openqa.selenium.remote.ErrorHandler.throwIfResponseFailed(ErrorHandler.java:167)
	at org.openqa.selenium.remote.RemoteWebDriver.execute(RemoteWebDriver.java:671)
	at org.openqa.selenium.remote.RemoteWebDriver.findElement(RemoteWebDriver.java:410)
	at org.openqa.selenium.remote.RemoteWebDriver.findElementByXPath(RemoteWebDriver.java:509)
	at org.openqa.selenium.By$ByXPath.findElement(By.java:361)
	at org.openqa.selenium.remote.RemoteWebDriver.findElement(RemoteWebDriver.java:402)
	at HWTestPack.SubmitFormSpecialCharacters.ieSpecialCharacters(SubmitFormSpecialCharacters.java:114)
... Removed 29 stack frames</div></td></tr></table><p class="totop"><a href="#summary">back to summary</a></p><h3 id="m11">HWTestPack.BVA#phoneNineteenDigits</h3><table class="result"></table><p class="totop"><a href="#summary">back to summary</a></p><h3 id="m12">HWTestPack.BVA#phoneTwentyDigits</h3><table class="result"></table><p class="totop"><a href="#summary">back to summary</a></p><h3 id="m13">HWTestPack.CheckLabels#chromeLabels</h3><table class="result"></table><p class="totop"><a href="#summary">back to summary</a></p><h3 id="m14">HWTestPack.CheckLabels#firefoxLabels</h3><table class="result"></table><p class="totop"><a href="#summary">back to summary</a></p><h3 id="m15">HWTestPack.SubmitForm#chromeForm</h3><table class="result"></table><p class="totop"><a href="#summary">back to summary</a></p><h3 id="m16">HWTestPack.SubmitForm#firefoxForm</h3><table class="result"></table><p class="totop"><a href="#summary">back to summary</a></p><h3 id="m17">HWTestPack.SubmitFormSpecialCharacters#chromeSpecialCharacters</h3><table class="result"></table><p class="totop"><a href="#summary">back to summary</a></p><h3 id="m18">HWTestPack.SubmitFormSpecialCharacters#firefoxSpecialCharacters</h3><table class="result"></table><p class="totop"><a href="#summary">back to summary</a></p></body></html>